11-Mar-24 09:50:31 - lyzr.data_analyzr.analyzr - INFO
Reading the following datasets:
World happiness report from /home/gargi/Documents/product_code/version_2/testing/data/World happiness report.csv


11-Mar-24 09:50:31 - lyzr.data_analyzr.analyzr - INFO
Datasets read successfully:
World happiness report with shape (147, 12)


11-Mar-24 09:50:39 - lyzr.data_analyzr.analyzr - INFO
Generating insights


11-Mar-24 09:51:34 - lyzr.data_analyzr.analyzr - INFO
Reading the following datasets:
World happiness report from /home/gargi/Documents/product_code/version_2/testing/data/World happiness report.csv


11-Mar-24 09:51:34 - lyzr.data_analyzr.analyzr - INFO
Datasets read successfully:
World happiness report with shape (147, 12)


11-Mar-24 09:51:36 - lyzr.data_analyzr.analyzr - INFO
Generating insights


11-Mar-24 09:55:46 - lyzr.data_analyzr.analyzr - INFO
Creating vector store at ./testing/chromadb/postgres/rnacentral/.

11-Mar-24 10:00:12 - lyzr.data_analyzr.analyzr - INFO
Remaking vector store at ./testing/chromadb/postgres/rnacentral/.

11-Mar-24 10:00:12 - lyzr.data_analyzr.analyzr - INFO
Generating and adding training plan.


11-Mar-24 10:01:10 - lyzr.data_analyzr.analyzr - INFO
Remaking vector store at ./testing/chromadb/postgres/rnacentral/.

11-Mar-24 10:01:10 - lyzr.data_analyzr.analyzr - INFO
Generating and adding training plan.


11-Mar-24 10:03:21 - lyzr.data_analyzr.analyzr - INFO
Remaking vector store at ./testing/chromadb/postgres/rnacentral/.

11-Mar-24 10:03:21 - lyzr.data_analyzr.analyzr - INFO
Generating and adding training plan.


11-Mar-24 11:43:52 - lyzr.data_analyzr.analyzr - INFO
Remaking vector store at ./testing/chromadb/postgres/rnacentral/.

11-Mar-24 11:43:52 - lyzr.data_analyzr.analyzr - INFO
Generating and adding training plan.


11-Mar-24 11:48:21 - lyzr.data_analyzr.analyzr - INFO
Remaking vector store at ./testing/chromadb/postgres/rnacentral/.

11-Mar-24 11:48:21 - lyzr.data_analyzr.analyzr - INFO
Generating and adding training plan.


